This file contains any messages produced by compilers while
running configure, to aid debugging if configure makes a mistake.

It was created by mq_platform configure 0.1, which was
generated by GNU Autoconf 2.65.  Invocation command line was

  $ ./configure 

## --------- ##
## Platform. ##
## --------- ##

hostname = liuweideMacBook-Pro.local
uname -m = x86_64
uname -r = 13.1.0
uname -s = Darwin
uname -v = Darwin Kernel Version 13.1.0: Wed Apr  2 23:52:02 PDT 2014; root:xnu-2422.92.1~2/RELEASE_X86_64

/usr/bin/uname -p = i386
/bin/uname -X     = unknown

/bin/arch              = unknown
/usr/bin/arch -k       = unknown
/usr/convex/getsysinfo = unknown
/usr/bin/hostinfo      = Mach kernel version:
	 Darwin Kernel Version 13.1.0: Wed Apr  2 23:52:02 PDT 2014; root:xnu-2422.92.1~2/RELEASE_X86_64
Kernel configured for up to 4 processors.
2 processors are physically available.
4 processors are logically available.
Processor type: i486 (Intel 80486)
Processors active: 0 1 2 3
Primary memory available: 4.00 gigabytes
Default processor set: 159 tasks, 701 threads, 4 processors
Load average: 1.22, Mach factor: 2.84
/bin/machine           = unknown
/usr/bin/oslevel       = unknown
/bin/universe          = unknown

PATH: /usr/local/bin
PATH: /usr/bin
PATH: /bin
PATH: /usr/sbin
PATH: /sbin
PATH: /usr/local/bin


## ----------- ##
## Core tests. ##
## ----------- ##

configure:2204: checking for a BSD-compatible install
configure:2272: result: /usr/bin/install -c
configure:2283: checking whether build environment is sane
configure:2333: result: yes
configure:2474: checking for a thread-safe mkdir -p
configure:2513: result: ./install-sh -c -d
configure:2526: checking for gawk
configure:2556: result: no
configure:2526: checking for mawk
configure:2556: result: no
configure:2526: checking for nawk
configure:2556: result: no
configure:2526: checking for awk
configure:2542: found /usr/bin/awk
configure:2553: result: awk
configure:2564: checking whether make sets $(MAKE)
configure:2586: result: yes
configure:2706: checking for gcc
configure:2722: found /usr/bin/gcc
configure:2733: result: gcc
configure:2962: checking for C compiler version
configure:2971: gcc --version >&5
Apple LLVM version 5.1 (clang-503.0.40) (based on LLVM 3.4svn)
Target: x86_64-apple-darwin13.1.0
Thread model: posix
Configured with: --prefix=/Applications/Xcode.app/Contents/Developer/usr --with-gxx-include-dir=/usr/include/c++/4.2.1
configure:2982: $? = 0
configure:2971: gcc -v >&5
Configured with: --prefix=/Applications/Xcode.app/Contents/Developer/usr --with-gxx-include-dir=/usr/include/c++/4.2.1
Apple LLVM version 5.1 (clang-503.0.40) (based on LLVM 3.4svn)
Target: x86_64-apple-darwin13.1.0
Thread model: posix
configure:2982: $? = 0
configure:2971: gcc -V >&5
clang: error: argument to '-V' is missing (expected 1 value)
clang: error: no input files
configure:2982: $? = 1
configure:2971: gcc -qversion >&5
clang: error: unknown argument: '-qversion' [-Wunused-command-line-argument-hard-error-in-future]
clang: note: this will be a hard error (cannot be downgraded to a warning) in the future
clang: error: no input files
configure:2982: $? = 1
configure:3002: checking whether the C compiler works
configure:3024: gcc    conftest.c  >&5
configure:3028: $? = 0
configure:3077: result: yes
configure:3080: checking for C compiler default output file name
configure:3082: result: a.out
configure:3088: checking for suffix of executables
configure:3095: gcc -o conftest    conftest.c  >&5
configure:3099: $? = 0
configure:3121: result: 
configure:3143: checking whether we are cross compiling
configure:3151: gcc -o conftest    conftest.c  >&5
configure:3155: $? = 0
configure:3162: ./conftest
configure:3166: $? = 0
configure:3181: result: no
configure:3186: checking for suffix of object files
configure:3208: gcc -c   conftest.c >&5
configure:3212: $? = 0
configure:3233: result: o
configure:3237: checking whether we are using the GNU C compiler
configure:3256: gcc -c   conftest.c >&5
configure:3256: $? = 0
configure:3265: result: yes
configure:3274: checking whether gcc accepts -g
configure:3294: gcc -c -g  conftest.c >&5
configure:3294: $? = 0
configure:3335: result: yes
configure:3352: checking for gcc option to accept ISO C89
configure:3416: gcc  -c -g -O2  conftest.c >&5
configure:3416: $? = 0
configure:3429: result: none needed
configure:3460: checking for style of include used by make
configure:3488: result: GNU
configure:3513: checking dependency style of gcc
configure:3623: result: gcc3
configure:3641: checking for zmq_socket in -lzmq
configure:3666: gcc -o conftest -g -O2   conftest.c -lzmq   >&5
configure:3666: $? = 0
configure:3675: result: yes
configure:3693: checking how to run the C preprocessor
configure:3724: gcc -E  conftest.c
configure:3724: $? = 0
configure:3738: gcc -E  conftest.c
conftest.c:10:10: fatal error: 'ac_nonexistent.h' file not found
#include <ac_nonexistent.h>
         ^
1 error generated.
configure:3738: $? = 1
configure: failed program was:
| /* confdefs.h */
| #define PACKAGE_NAME "mq_platform"
| #define PACKAGE_TARNAME "mq_platform"
| #define PACKAGE_VERSION "0.1"
| #define PACKAGE_STRING "mq_platform 0.1"
| #define PACKAGE_BUGREPORT "stupidlw@126.com"
| #define PACKAGE_URL ""
| #define HAVE_LIBZMQ 1
| /* end confdefs.h.  */
| #include <ac_nonexistent.h>
configure:3763: result: gcc -E
configure:3783: gcc -E  conftest.c
configure:3783: $? = 0
configure:3797: gcc -E  conftest.c
conftest.c:10:10: fatal error: 'ac_nonexistent.h' file not found
#include <ac_nonexistent.h>
         ^
1 error generated.
configure:3797: $? = 1
configure: failed program was:
| /* confdefs.h */
| #define PACKAGE_NAME "mq_platform"
| #define PACKAGE_TARNAME "mq_platform"
| #define PACKAGE_VERSION "0.1"
| #define PACKAGE_STRING "mq_platform 0.1"
| #define PACKAGE_BUGREPORT "stupidlw@126.com"
| #define PACKAGE_URL ""
| #define HAVE_LIBZMQ 1
| /* end confdefs.h.  */
| #include <ac_nonexistent.h>
configure:3826: checking for grep that handles long lines and -e
configure:3884: result: /usr/bin/grep
configure:3889: checking for egrep
configure:3951: result: /usr/bin/grep -E
configure:3956: checking for ANSI C header files
configure:3976: gcc -c -g -O2  conftest.c >&5
configure:3976: $? = 0
configure:4049: gcc -o conftest -g -O2   conftest.c -lzmq  >&5
configure:4049: $? = 0
configure:4049: ./conftest
configure:4049: $? = 0
configure:4060: result: yes
configure:4073: checking for sys/types.h
configure:4073: gcc -c -g -O2  conftest.c >&5
configure:4073: $? = 0
configure:4073: result: yes
configure:4073: checking for sys/stat.h
configure:4073: gcc -c -g -O2  conftest.c >&5
configure:4073: $? = 0
configure:4073: result: yes
configure:4073: checking for stdlib.h
configure:4073: gcc -c -g -O2  conftest.c >&5
configure:4073: $? = 0
configure:4073: result: yes
configure:4073: checking for string.h
configure:4073: gcc -c -g -O2  conftest.c >&5
configure:4073: $? = 0
configure:4073: result: yes
configure:4073: checking for memory.h
configure:4073: gcc -c -g -O2  conftest.c >&5
configure:4073: $? = 0
configure:4073: result: yes
configure:4073: checking for strings.h
configure:4073: gcc -c -g -O2  conftest.c >&5
configure:4073: $? = 0
configure:4073: result: yes
configure:4073: checking for inttypes.h
configure:4073: gcc -c -g -O2  conftest.c >&5
configure:4073: $? = 0
configure:4073: result: yes
configure:4073: checking for stdint.h
configure:4073: gcc -c -g -O2  conftest.c >&5
configure:4073: $? = 0
configure:4073: result: yes
configure:4073: checking for unistd.h
configure:4073: gcc -c -g -O2  conftest.c >&5
configure:4073: $? = 0
configure:4073: result: yes
configure:4089: checking fcntl.h usability
configure:4089: gcc -c -g -O2  conftest.c >&5
configure:4089: $? = 0
configure:4089: result: yes
configure:4089: checking fcntl.h presence
configure:4089: gcc -E  conftest.c
configure:4089: $? = 0
configure:4089: result: yes
configure:4089: checking for fcntl.h
configure:4089: result: yes
configure:4089: checking for stdlib.h
configure:4089: result: yes
configure:4089: checking for string.h
configure:4089: result: yes
configure:4089: checking sys/time.h usability
configure:4089: gcc -c -g -O2  conftest.c >&5
configure:4089: $? = 0
configure:4089: result: yes
configure:4089: checking sys/time.h presence
configure:4089: gcc -E  conftest.c
configure:4089: $? = 0
configure:4089: result: yes
configure:4089: checking for sys/time.h
configure:4089: result: yes
configure:4089: checking for unistd.h
configure:4089: result: yes
configure:4102: checking for inline
configure:4118: gcc -c -g -O2  conftest.c >&5
configure:4118: $? = 0
configure:4126: result: inline
configure:4144: checking for pid_t
configure:4144: gcc -c -g -O2  conftest.c >&5
configure:4144: $? = 0
configure:4144: gcc -c -g -O2  conftest.c >&5
conftest.c:61:20: error: expected expression
if (sizeof ((pid_t)))
                   ^
1 error generated.
configure:4144: $? = 1
configure: failed program was:
| /* confdefs.h */
| #define PACKAGE_NAME "mq_platform"
| #define PACKAGE_TARNAME "mq_platform"
| #define PACKAGE_VERSION "0.1"
| #define PACKAGE_STRING "mq_platform 0.1"
| #define PACKAGE_BUGREPORT "stupidlw@126.com"
| #define PACKAGE_URL ""
| #define HAVE_LIBZMQ 1
| #define STDC_HEADERS 1
| #define HAVE_SYS_TYPES_H 1
| #define HAVE_SYS_STAT_H 1
| #define HAVE_STDLIB_H 1
| #define HAVE_STRING_H 1
| #define HAVE_MEMORY_H 1
| #define HAVE_STRINGS_H 1
| #define HAVE_INTTYPES_H 1
| #define HAVE_STDINT_H 1
| #define HAVE_UNISTD_H 1
| #define HAVE_FCNTL_H 1
| #define HAVE_STDLIB_H 1
| #define HAVE_STRING_H 1
| #define HAVE_SYS_TIME_H 1
| #define HAVE_UNISTD_H 1
| /* end confdefs.h.  */
| #include <stdio.h>
| #ifdef HAVE_SYS_TYPES_H
| # include <sys/types.h>
| #endif
| #ifdef HAVE_SYS_STAT_H
| # include <sys/stat.h>
| #endif
| #ifdef STDC_HEADERS
| # include <stdlib.h>
| # include <stddef.h>
| #else
| # ifdef HAVE_STDLIB_H
| #  include <stdlib.h>
| # endif
| #endif
| #ifdef HAVE_STRING_H
| # if !defined STDC_HEADERS && defined HAVE_MEMORY_H
| #  include <memory.h>
| # endif
| # include <string.h>
| #endif
| #ifdef HAVE_STRINGS_H
| # include <strings.h>
| #endif
| #ifdef HAVE_INTTYPES_H
| # include <inttypes.h>
| #endif
| #ifdef HAVE_STDINT_H
| # include <stdint.h>
| #endif
| #ifdef HAVE_UNISTD_H
| # include <unistd.h>
| #endif
| int
| main ()
| {
| if (sizeof ((pid_t)))
| 	    return 0;
|   ;
|   return 0;
| }
configure:4144: result: yes
configure:4155: checking for size_t
configure:4155: gcc -c -g -O2  conftest.c >&5
configure:4155: $? = 0
configure:4155: gcc -c -g -O2  conftest.c >&5
conftest.c:61:21: error: expected expression
if (sizeof ((size_t)))
                    ^
1 error generated.
configure:4155: $? = 1
configure: failed program was:
| /* confdefs.h */
| #define PACKAGE_NAME "mq_platform"
| #define PACKAGE_TARNAME "mq_platform"
| #define PACKAGE_VERSION "0.1"
| #define PACKAGE_STRING "mq_platform 0.1"
| #define PACKAGE_BUGREPORT "stupidlw@126.com"
| #define PACKAGE_URL ""
| #define HAVE_LIBZMQ 1
| #define STDC_HEADERS 1
| #define HAVE_SYS_TYPES_H 1
| #define HAVE_SYS_STAT_H 1
| #define HAVE_STDLIB_H 1
| #define HAVE_STRING_H 1
| #define HAVE_MEMORY_H 1
| #define HAVE_STRINGS_H 1
| #define HAVE_INTTYPES_H 1
| #define HAVE_STDINT_H 1
| #define HAVE_UNISTD_H 1
| #define HAVE_FCNTL_H 1
| #define HAVE_STDLIB_H 1
| #define HAVE_STRING_H 1
| #define HAVE_SYS_TIME_H 1
| #define HAVE_UNISTD_H 1
| /* end confdefs.h.  */
| #include <stdio.h>
| #ifdef HAVE_SYS_TYPES_H
| # include <sys/types.h>
| #endif
| #ifdef HAVE_SYS_STAT_H
| # include <sys/stat.h>
| #endif
| #ifdef STDC_HEADERS
| # include <stdlib.h>
| # include <stddef.h>
| #else
| # ifdef HAVE_STDLIB_H
| #  include <stdlib.h>
| # endif
| #endif
| #ifdef HAVE_STRING_H
| # if !defined STDC_HEADERS && defined HAVE_MEMORY_H
| #  include <memory.h>
| # endif
| # include <string.h>
| #endif
| #ifdef HAVE_STRINGS_H
| # include <strings.h>
| #endif
| #ifdef HAVE_INTTYPES_H
| # include <inttypes.h>
| #endif
| #ifdef HAVE_STDINT_H
| # include <stdint.h>
| #endif
| #ifdef HAVE_UNISTD_H
| # include <unistd.h>
| #endif
| int
| main ()
| {
| if (sizeof ((size_t)))
| 	    return 0;
|   ;
|   return 0;
| }
configure:4155: result: yes
configure:4170: checking vfork.h usability
configure:4170: gcc -c -g -O2  conftest.c >&5
conftest.c:58:10: fatal error: 'vfork.h' file not found
#include <vfork.h>
         ^
1 error generated.
configure:4170: $? = 1
configure: failed program was:
| /* confdefs.h */
| #define PACKAGE_NAME "mq_platform"
| #define PACKAGE_TARNAME "mq_platform"
| #define PACKAGE_VERSION "0.1"
| #define PACKAGE_STRING "mq_platform 0.1"
| #define PACKAGE_BUGREPORT "stupidlw@126.com"
| #define PACKAGE_URL ""
| #define HAVE_LIBZMQ 1
| #define STDC_HEADERS 1
| #define HAVE_SYS_TYPES_H 1
| #define HAVE_SYS_STAT_H 1
| #define HAVE_STDLIB_H 1
| #define HAVE_STRING_H 1
| #define HAVE_MEMORY_H 1
| #define HAVE_STRINGS_H 1
| #define HAVE_INTTYPES_H 1
| #define HAVE_STDINT_H 1
| #define HAVE_UNISTD_H 1
| #define HAVE_FCNTL_H 1
| #define HAVE_STDLIB_H 1
| #define HAVE_STRING_H 1
| #define HAVE_SYS_TIME_H 1
| #define HAVE_UNISTD_H 1
| /* end confdefs.h.  */
| #include <stdio.h>
| #ifdef HAVE_SYS_TYPES_H
| # include <sys/types.h>
| #endif
| #ifdef HAVE_SYS_STAT_H
| # include <sys/stat.h>
| #endif
| #ifdef STDC_HEADERS
| # include <stdlib.h>
| # include <stddef.h>
| #else
| # ifdef HAVE_STDLIB_H
| #  include <stdlib.h>
| # endif
| #endif
| #ifdef HAVE_STRING_H
| # if !defined STDC_HEADERS && defined HAVE_MEMORY_H
| #  include <memory.h>
| # endif
| # include <string.h>
| #endif
| #ifdef HAVE_STRINGS_H
| # include <strings.h>
| #endif
| #ifdef HAVE_INTTYPES_H
| # include <inttypes.h>
| #endif
| #ifdef HAVE_STDINT_H
| # include <stdint.h>
| #endif
| #ifdef HAVE_UNISTD_H
| # include <unistd.h>
| #endif
| #include <vfork.h>
configure:4170: result: no
configure:4170: checking vfork.h presence
configure:4170: gcc -E  conftest.c
conftest.c:25:10: fatal error: 'vfork.h' file not found
#include <vfork.h>
         ^
1 error generated.
configure:4170: $? = 1
configure: failed program was:
| /* confdefs.h */
| #define PACKAGE_NAME "mq_platform"
| #define PACKAGE_TARNAME "mq_platform"
| #define PACKAGE_VERSION "0.1"
| #define PACKAGE_STRING "mq_platform 0.1"
| #define PACKAGE_BUGREPORT "stupidlw@126.com"
| #define PACKAGE_URL ""
| #define HAVE_LIBZMQ 1
| #define STDC_HEADERS 1
| #define HAVE_SYS_TYPES_H 1
| #define HAVE_SYS_STAT_H 1
| #define HAVE_STDLIB_H 1
| #define HAVE_STRING_H 1
| #define HAVE_MEMORY_H 1
| #define HAVE_STRINGS_H 1
| #define HAVE_INTTYPES_H 1
| #define HAVE_STDINT_H 1
| #define HAVE_UNISTD_H 1
| #define HAVE_FCNTL_H 1
| #define HAVE_STDLIB_H 1
| #define HAVE_STRING_H 1
| #define HAVE_SYS_TIME_H 1
| #define HAVE_UNISTD_H 1
| /* end confdefs.h.  */
| #include <vfork.h>
configure:4170: result: no
configure:4170: checking for vfork.h
configure:4170: result: no
configure:4183: checking for fork
configure:4183: gcc -o conftest -g -O2   conftest.c -lzmq  >&5
configure:4183: $? = 0
configure:4183: result: yes
configure:4183: checking for vfork
configure:4183: gcc -o conftest -g -O2   conftest.c -lzmq  >&5
conftest.c:49:6: warning: incompatible redeclaration of library function 'vfork' [-Wincompatible-library-redeclaration]
char vfork ();
     ^
conftest.c:49:6: note: 'vfork' is a builtin with type 'int (void)'
1 warning generated.
configure:4183: $? = 0
configure:4183: result: yes
configure:4194: checking for working fork
configure:4216: gcc -o conftest -g -O2   conftest.c -lzmq  >&5
configure:4216: $? = 0
configure:4216: ./conftest
configure:4216: $? = 0
configure:4226: result: yes
configure:4247: checking for working vfork
configure:4357: result: yes
configure:4385: checking for alarm
configure:4385: gcc -o conftest -g -O2   conftest.c -lzmq  >&5
configure:4385: $? = 0
configure:4385: result: yes
configure:4385: checking for gettimeofday
configure:4385: gcc -o conftest -g -O2   conftest.c -lzmq  >&5
configure:4385: $? = 0
configure:4385: result: yes
configure:4385: checking for memset
configure:4385: gcc -o conftest -g -O2   conftest.c -lzmq  >&5
conftest.c:54:6: warning: incompatible redeclaration of library function 'memset' [-Wincompatible-library-redeclaration]
char memset ();
     ^
conftest.c:54:6: note: 'memset' is a builtin with type 'void *(void *, int, unsigned long)'
1 warning generated.
configure:4385: $? = 0
configure:4385: result: yes
configure:4385: checking for strcasecmp
configure:4385: gcc -o conftest -g -O2   conftest.c -lzmq  >&5
conftest.c:55:6: warning: incompatible redeclaration of library function 'strcasecmp' [-Wincompatible-library-redeclaration]
char strcasecmp ();
     ^
conftest.c:55:6: note: 'strcasecmp' is a builtin with type 'int (const char *, const char *)'
1 warning generated.
configure:4385: $? = 0
configure:4385: result: yes
configure:4516: creating ./config.status

## ---------------------- ##
## Running config.status. ##
## ---------------------- ##

This file was extended by mq_platform config.status 0.1, which was
generated by GNU Autoconf 2.65.  Invocation command line was

  CONFIG_FILES    = 
  CONFIG_HEADERS  = 
  CONFIG_LINKS    = 
  CONFIG_COMMANDS = 
  $ ./config.status 

on liuweideMacBook-Pro.local

config.status:862: creating Makefile
config.status:862: creating mq_config.h
config.status:1034: mq_config.h is unchanged
config.status:1082: executing depfiles commands

## ---------------- ##
## Cache variables. ##
## ---------------- ##

ac_cv_c_compiler_gnu=yes
ac_cv_c_inline=inline
ac_cv_env_CC_set=
ac_cv_env_CC_value=
ac_cv_env_CFLAGS_set=
ac_cv_env_CFLAGS_value=
ac_cv_env_CPPFLAGS_set=
ac_cv_env_CPPFLAGS_value=
ac_cv_env_CPP_set=
ac_cv_env_CPP_value=
ac_cv_env_LDFLAGS_set=
ac_cv_env_LDFLAGS_value=
ac_cv_env_LIBS_set=
ac_cv_env_LIBS_value=
ac_cv_env_build_alias_set=
ac_cv_env_build_alias_value=
ac_cv_env_host_alias_set=
ac_cv_env_host_alias_value=
ac_cv_env_target_alias_set=
ac_cv_env_target_alias_value=
ac_cv_func_alarm=yes
ac_cv_func_fork=yes
ac_cv_func_fork_works=yes
ac_cv_func_gettimeofday=yes
ac_cv_func_memset=yes
ac_cv_func_strcasecmp=yes
ac_cv_func_vfork=yes
ac_cv_func_vfork_works=yes
ac_cv_header_fcntl_h=yes
ac_cv_header_inttypes_h=yes
ac_cv_header_memory_h=yes
ac_cv_header_stdc=yes
ac_cv_header_stdint_h=yes
ac_cv_header_stdlib_h=yes
ac_cv_header_string_h=yes
ac_cv_header_strings_h=yes
ac_cv_header_sys_stat_h=yes
ac_cv_header_sys_time_h=yes
ac_cv_header_sys_types_h=yes
ac_cv_header_unistd_h=yes
ac_cv_header_vfork_h=no
ac_cv_lib_zmq_zmq_socket=yes
ac_cv_objext=o
ac_cv_path_EGREP='/usr/bin/grep -E'
ac_cv_path_GREP=/usr/bin/grep
ac_cv_path_install='/usr/bin/install -c'
ac_cv_prog_AWK=awk
ac_cv_prog_CPP='gcc -E'
ac_cv_prog_ac_ct_CC=gcc
ac_cv_prog_cc_c89=
ac_cv_prog_cc_g=yes
ac_cv_prog_make_make_set=yes
ac_cv_type_pid_t=yes
ac_cv_type_size_t=yes
am_cv_CC_dependencies_compiler_type=gcc3

## ----------------- ##
## Output variables. ##
## ----------------- ##

ACLOCAL='${SHELL} /Users/wliu/Code/auto_mq_platform/missing --run aclocal-1.11'
AMDEPBACKSLASH='\'
AMDEP_FALSE='#'
AMDEP_TRUE=''
AMTAR='${SHELL} /Users/wliu/Code/auto_mq_platform/missing --run tar'
AUTOCONF='${SHELL} /Users/wliu/Code/auto_mq_platform/missing --run autoconf'
AUTOHEADER='${SHELL} /Users/wliu/Code/auto_mq_platform/missing --run autoheader'
AUTOMAKE='${SHELL} /Users/wliu/Code/auto_mq_platform/missing --run automake-1.11'
AWK='awk'
CC='gcc'
CCDEPMODE='depmode=gcc3'
CFLAGS='-g -O2'
CPP='gcc -E'
CPPFLAGS=''
CYGPATH_W='echo'
DEFS='-DHAVE_CONFIG_H'
DEPDIR='.deps'
ECHO_C='\c'
ECHO_N=''
ECHO_T=''
EGREP='/usr/bin/grep -E'
EXEEXT=''
GREP='/usr/bin/grep'
INSTALL_DATA='${INSTALL} -m 644'
INSTALL_PROGRAM='${INSTALL}'
INSTALL_SCRIPT='${INSTALL}'
INSTALL_STRIP_PROGRAM='$(install_sh) -c -s'
LDFLAGS=''
LIBOBJS=''
LIBS='-lzmq '
LTLIBOBJS=''
MAKEINFO='${SHELL} /Users/wliu/Code/auto_mq_platform/missing --run makeinfo'
MKDIR_P='./install-sh -c -d'
OBJEXT='o'
PACKAGE='mq_platform'
PACKAGE_BUGREPORT='stupidlw@126.com'
PACKAGE_NAME='mq_platform'
PACKAGE_STRING='mq_platform 0.1'
PACKAGE_TARNAME='mq_platform'
PACKAGE_URL=''
PACKAGE_VERSION='0.1'
PATH_SEPARATOR=':'
SET_MAKE=''
SHELL='/bin/sh'
STRIP=''
VERSION='0.1'
ac_ct_CC='gcc'
am__EXEEXT_FALSE=''
am__EXEEXT_TRUE='#'
am__fastdepCC_FALSE='#'
am__fastdepCC_TRUE=''
am__include='include'
am__isrc=''
am__leading_dot='.'
am__quote=''
am__tar='${AMTAR} chof - "$$tardir"'
am__untar='${AMTAR} xf -'
bindir='${exec_prefix}/bin'
build_alias=''
datadir='${datarootdir}'
datarootdir='${prefix}/share'
docdir='${datarootdir}/doc/${PACKAGE_TARNAME}'
dvidir='${docdir}'
exec_prefix='${prefix}'
host_alias=''
htmldir='${docdir}'
includedir='${prefix}/include'
infodir='${datarootdir}/info'
install_sh='${SHELL} /Users/wliu/Code/auto_mq_platform/install-sh'
libdir='${exec_prefix}/lib'
libexecdir='${exec_prefix}/libexec'
localedir='${datarootdir}/locale'
localstatedir='${prefix}/var'
mandir='${datarootdir}/man'
mkdir_p='$(top_builddir)/./install-sh -c -d'
oldincludedir='/usr/include'
pdfdir='${docdir}'
prefix='/usr/local'
program_transform_name='s,x,x,'
psdir='${docdir}'
sbindir='${exec_prefix}/sbin'
sharedstatedir='${prefix}/com'
sysconfdir='${prefix}/etc'
target_alias=''

## ----------- ##
## confdefs.h. ##
## ----------- ##

/* confdefs.h */
#define PACKAGE_NAME "mq_platform"
#define PACKAGE_TARNAME "mq_platform"
#define PACKAGE_VERSION "0.1"
#define PACKAGE_STRING "mq_platform 0.1"
#define PACKAGE_BUGREPORT "stupidlw@126.com"
#define PACKAGE_URL ""
#define HAVE_LIBZMQ 1
#define STDC_HEADERS 1
#define HAVE_SYS_TYPES_H 1
#define HAVE_SYS_STAT_H 1
#define HAVE_STDLIB_H 1
#define HAVE_STRING_H 1
#define HAVE_MEMORY_H 1
#define HAVE_STRINGS_H 1
#define HAVE_INTTYPES_H 1
#define HAVE_STDINT_H 1
#define HAVE_UNISTD_H 1
#define HAVE_FCNTL_H 1
#define HAVE_STDLIB_H 1
#define HAVE_STRING_H 1
#define HAVE_SYS_TIME_H 1
#define HAVE_UNISTD_H 1
#define HAVE_FORK 1
#define HAVE_VFORK 1
#define HAVE_WORKING_VFORK 1
#define HAVE_WORKING_FORK 1
#define HAVE_ALARM 1
#define HAVE_GETTIMEOFDAY 1
#define HAVE_MEMSET 1
#define HAVE_STRCASECMP 1

configure: exit 0
